This is pdfTeX, Version 3.14159265-2.6-1.40.20 (TeX Live 2019/Debian) (preloaded format=latex 2021.3.26)  31 MAR 2021 20:13
entering extended mode
 restricted \write18 enabled.
 %&-line parsing enabled.
**acmart.ins
(./acmart.ins
LaTeX2e <2020-02-02> patch level 2
L3 programming layer <2020-02-14>
(/usr/share/texlive/texmf-dist/tex/latex/base/docstrip.tex
\blockLevel=\count167
\emptyLines=\count168
\processedLines=\count169
\commentsRemoved=\count170
\commentsPassed=\count171
\codeLinesPassed=\count172
\TotalprocessedLines=\count173
\TotalcommentsRemoved=\count174
\TotalcommentsPassed=\count175
\TotalcodeLinesPassed=\count176
\NumberOfFiles=\count177
\inFile=\read2
\inputcheck=\read3
\off@0=\count178
\off@1=\count179
\off@2=\count180
\off@3=\count181
\off@4=\count182
\off@5=\count183
\off@6=\count184
\off@7=\count185
\off@8=\count186
\off@9=\count187
\off@10=\count188
\off@11=\count189
\off@12=\count190
\off@13=\count191
\off@14=\count192
\off@15=\count193
\@maxfiles=\count194
\@maxoutfiles=\count195

Utility: `docstrip' 2.5g <2018/05/03>
English documentation    <2018/05/03>

**********************************************************
* This program converts documented macro-files into fast *
* loadable files by stripping off (nearly) all comments! *
**********************************************************

********************************************************
* No Configuration file found, using default settings. *
********************************************************

(./acmart.ins

Generating file(s) ./acmart.cls 
\openout0 = `./acmart.cls'.


Processing file acmart.dtx (class) -> acmart.cls
% % % % % % % % % % % % % % % % % % % % % % % % % % % % % % % % % % % % % % %
% % % % % % % % % % % % % % % % % % % % % % % % % % % % % % % % % % % % % % %
% % % % % % % % % % % % % % % % % % % % % % % % % % % % % % % % % % % % % % %
% % % % % % % % % % % % % % % % % % % % % % % % % % % % % % % % % % % % % % %
% % % % % % % % % % % % % % % % % % % % % % % % % % % % % % % % % % % % % % %
% % % % % % % % % % % % % % % % % % % % % % % % % % % % % % % % % % % % % % %
% % % % % % % % % % % % % % % % % % % % % % % % % % % % % % % % % % % % % % %
% % % % % % % % % % % % % % % % % % % % % % % % % % % % % % % % % % % % % % %
% % % % % % % % % % % % % % % % % % % % % % % % % % % % % % % % % % % % % % %
% % % % % % % % % % % % % % % % % % % % % % % % % % % % % % % % % % % % % % %
% % % % % % % % % % % % % % % % % % % % % % % % % % % % % % % % % % % % % % %
% % % % % % % % % % % % % % % % % % % % % % % % % % % % % % % % % % % % % % %
% % % % % % % % % % % % % % % % % % % % % % % % % % % % % % % % % % % % % % %
% % % % % % % % % % % % % % % % % % % % % % % % % % % % % % % % % % % % % % %
% % % % % % % % % % % % % % % % % % % % % % % % % % % % % % % % % % % % % % %
% % % % % % % % % % % % % % % % % % % % % % % % % % % % % % % % % % % % % % %
% % % % % % % % % % % % % % % % % % % % % % % % % % % % % % % % % % % % % % %
% % % % % % % % % % % % % % % % % % % % % % % % % % % % % % % % % % % % % % %
% % % % % % % % % % % % % % % % % % % % % % % % % % % % % % % % % % % % % % %
% % % % % % % % % % % % % % % % % % % % % % % % % % % % % % % % % % % % % % %
% % % % % % % % % % % % % % % % % % % % % % % % % % % % % % % % % % % % % % %
% % % % % % % % % % % % % % % % % % % % % % % % % % % % % % % % % % % % % % %
% % % % % % % % % % % % % % % % % % % % % % % % % % % % % % % % % % % % % % %
% % % % % % % % % % % % % % % % % % % % % % % % % % % % % % % % % % % % % % %
% % % % % % % % % % % % % % % % % % % % % % % % % % % % % % % % % % % % % % %
% % % % % % % % % % % % % % % % % % % % % % % % % % % % % % % % % % % % % % %
% % % % % % % % % % % % % % % % % % % % % % % % % % % % % % % % % % % % % % %
% % % % % % % % % % % % % % % % % % % % % % % % % % % % % % % % % % % % % % %
% % % % % % % % % % % % % % % % % % % % % % % % % % % % % % % % % % % % % % %
% % % % % % % % % % % % % % % % % % % % % % % % % % % % % % % % % % % % % % %
% % % % % % % % % % % % % % % % % % % % % % % % % % % % % % % % % % % % % % %
% % % % % % % % % % % % % % % % % % % % % % % % % % % % % % % % % % % % % % %
% % % % % % % % % % % % % % % % % % % % % % % % % % % % % % % % % % % % % % %
% % % % % % % % % % % % % % % % % % % % % % % % % % % % % % % % % % % % % % %
% % % % % % % % % % % % % % % % % % % % % % % % % % % % % % % % % % % % % % %
% % % % % % % % % % % % % % % % % % % % % % % % % % % % % % % % % % % % % % %
% % % % % % % % % % % % % % % % % % % % % % % % % % % % % % % % % % % % % % %
% % % % % % % % % % % % % % % % % % % % % % % % % % % % % % % % % % % % % % %
% % % % % % % % % % % % % % % % % % % % % % % % % % % % % % % % % % % % % % %
% % % % % % % % % % % % % % % % % % % % % % % % % % % % % % % % % % % % % % %
% % % % % % % % % % % % % % % % % % % % % % % % % % % % % % % % % % % % % % %
% % % % % % % % % % % % % % % % % % % % % % % % % % % % % % % % % % % % % % %
% % % % % % % % % % % % % % % % % % % % % % % % % % % % % % % % % % % % % % %
% % % % % % % % % % % % % % % % % % % % % % % % % % % % % % % % % % % % % % %
% % % % % % % % % % % % % % % % % % % % % % % % % % % % % % % % % % % % % % %
% % % % % % % % % % % % % % % % % % % % % % % % % % % % % % % % % % % % % % %
% % % % % % % % % % % % % % % % % % % % % % % % % % % % % % % % % % % % % % %
% % % % % % % % % % % % % % % % % % % % % % % % % % % % % % % % % % % % % % %
% % % % % <class . > <*gobble . > <class . > . % % % % % % % % % % % % % % % %
% % % % % % % % % % % % % % % % % % % % % % % % % % % % % % % % % % % % % % %
% % % % % % % % % % % % % % % % % % % % % % % % % % % % % % % % % % % % % % %
% % % % % % % % % % % % % % % <*gobble . . . . . . . . . . . . . . > <*class .
% % % % % % % % % . . . . % % % % % % % . % % % % . % % % % . % % % % % % % .
. . . . . . . . . . . . . . . . % % % % % % % . . . . . . . . % % % % % % % .
. . . . . . . % % % % % % % % . . . . . . . . % % % % % % % % % . . . . . . .
. . % % % % % % % % . . . . . . . . % % % % % % % % % . . . . . . . . . . . .
% % % % % % % % . . . . % % % % % % % % % % % % % % . . . . . . . . % % % % %
% % % . . . . . . . . % % % % % % % % % . . . . . . . . % % % % % % % % % % .
. . . . . . . . . % % % % % % % % . . . . . % % % % % % % % % . . . . % % % %
% % % % % % . % % % % % % % . % % % % % % % % % % % . % % % % % % % % . % % %
% % % % . . . . . . . . . . . . . . . . . . . . . . . . . . . . . . . . . . .
. . . . . . . . . . . . . . . . . . . . . . % % % % % % % % % % % % % . . . .
. . . . . . . . . . . . . . . . . . . . . % % % % % . % % % % . % % % % % % .
. % % % % % . % % % % . . . . % % % % % . % % % % % % % % % % % % . . . . . .
. . . . . . . . . . . . . . . . . . . . . . . . . . . . . . . . . . . . . . .
. . . . . . . . . . . . . . . . . . . . . . . . . . . . . . . . . . . % % % %
% % % % % . . . . . . % % % % % % % % % % . . . . . % % % % % % % . . . % % %
% % % % % % . . . . . . . . . . . . . . . . . . . . . . . . . . . . . . . . .
. . . . . . . . . . . . . . . . . . . . . . . . . . . . . . . . . . . . . . .
. . . . . . . . . . . . . . . . . . . . % % % % % % % % % % . . . . . . . . .
. . . . % % % % % % % % . % % % % % % % . % % % % % % % % . % % % % % % % % %
. % % % % % % % . . . . . . . . . . . . % % % % % % % % . . . . . . . . . . .
. % % % % % % % % % . % % % % % % % % % % % % % . . . . . . . . . . . . . . .
. . . . . . . . . . . . . . . . . . . . . . . . % % % % % . % % % % % % % % %
. . . . . . . . . . . . . . . . . . % % % % % % % % % . . . . . . . % % % % %
% % % . . % % % % . . . . . . . . % % % % % . . . . . . . . . . . . . . . . .
. . % % % % % % % % % % % % % % . . . . . . . . . . . . . . . . . . . . . . .
. . . . . . . . . . . . . . . . . . . . . . . . . . . . . . . . . . . . . . .
. . % % % % % % % . . . . . . . . . . . . . . % % % % % % % % % % % % % % . %
% % % % % % % % % % % % % % % % . . % % % % . . . . . % % % % % % % . . % % %
% % % % . . . . . . . . . . . . % % % % % % % % % % . . % % % % % % % . . . .
. . . . . . . . . . . . % % % % % % % % % % % % % % % . . . . . . . . . . . .
% % % % % % % . . . . . . . . . . . % % % % % % % % % % % % % % % % . . . . .
. . . . . . . . . . . . . . . . . % % % % % % % . . . % % % % % % % . . . % %
% % % % % % % % % . . % % % % % % % . . % % % % % % % . % % % % % . . % % % %
% % % % % % % . . . . . . . . . . . . . . . . . . . . . . . . . . . . . . . .
. % % % % % % % % % % . . . . . . . . . . . . . . . . . . . . . . . . . . . .
. . . . % % % % % . . . % % % % % % % % . . . % % % % % % % . % % % % % % % %
% % . . . . . . . . . . % % % % % % % . % % % % % % % % % . . . % % % % % % %
% % % . . % % % % % % % % % % . . . . . . . % % % % % % % . . . . % % % % % %
% % . . . . . . . . . . % % % % % % % % % . . . . . . . . . . . . . . . % % %
% % % % % % % % % . . . . . . . . . . . . . . . . . . . . . . . . . . . . . .
. . . . . . . . . . % % % % % % % % . % % % % % % % % % % % . . . . . . . % %
% % % % % % % % % % % . . % % % % % % % % % % % % % % % % . . . . . . . . . .
. . . . . . . . . . . . . . . . . . . . . . . . . . . . . . . . . . . . . . .
. . . . . . . . . . . . . . . . . . . . . . . . . . . . . . . . . . . . . . .
. . . . . . . . . . . . . . . . . . . . . . . . . . . . . . . . . . . . . . .
. . . . . . . . . . . . . . . . . . . . . . . . . . . . . . . . . . . . . . .
. . . . . . . . . . . . . . . . . . . . . . . . . . . . . . . . . . . . . . .
. . . . . . . . . . . . . . . . . . . . . . . . . . . . . . . . . . . . . . .
. . . . . . . . . . . . . . . . . . . . . . . . . . . . . . . . . . . . . . .
. . . . . . . . . . . . . . . . . . . . . . . . . . . . . . . . % % % % % . .
% % % % % % . . . . . % % % % % % % . . . . . . . . . . . . . . % % % % % % %
% % % . . . . % % % % % % % % % . % % % % % % % % . % % % % % % % % . . . . .
. % % % % % % % . . % % % % % % % % % % . . % % % % % % % % . . % % % % % % %
% % % % . . % % % % % % % % % % % % . . . . . . . . . . . . . . . . . . . . .
. . . . . . . . . . . . . . . . . . . . . . . . . % % % % % % % % % % % . . .
. . % % % % % % % % % . . % % % % % % % % % % . % % % % % % % % . . . . . . .
. . . . % % % % % % % % % . . . . . . % % % % % % % % . % % % % % % % % . . %
% % % % % % % . % % % % % % % . . . . . . . . % % % % % % % . % % % % % % % .
. . . . . . . . % % % % % % % . % % % % % % % % . . . . . . % % % % % % % % .
. . . . . % % % % % % % % . . % % % % % % % % . . % % % % % % % % % . . % % %
% % % % % % . . % % % % % % % % % % . . % % % % % % % % % % . . % % % % % % %
% . . . . % % % % % % % . . % % % % % % % % % . . % % % % % % % % % . . % % %
% % % % % . . % % % % % % % % % . . % % % % % % % % . . % % % % % % % % % . %
% % % % % % % % . . % % % % % % % % . . . . . % % % % % % % % . . . . . % % %
% % % % % . . % % % % % % % % % . . % % % % % % % % . . % % % % . . . . . % %
% % % % % % % . % % % % % % % . . . . . % % % % % % % . % % % % % % % % . . .
. . . % % % % % % % . . . . . . % % % % . . . . . % % % % % % % % . . . . . .
% % % % % % % . . . . % % % % % % % . % % % % % % % % % . . . . . . . . . . .
% % % % % . % % % % % % % . . . . . . . . . . . . . . . . . . % % % % % % % %
% . . % % % % % . . % % % % % % % % % . . % % % % % % % % % % % % % % % % . .
. . . . . . . . . . . . . . . . . . . . % % % % . . . . . % % % % % % % . % %
% % % % % % % % % % . . % % % % % % % . . % % % % % % % . . % % % % % % % % %
% % % . . . . . . . . . . . . . . . . . . . . . . . . . . . . . . . . . . . .
. . . . . . . . . . . . . . . . . % % % % % . . % % % % % % % % % % % . . . .
. . . . . . . . . . . . . . . . . . . . . . . . . . . . . . . . . % % % % % %
% % % . % % % % % % % % % % % . . . . . . . . . . . . . . . . . . . . . . . .
. . . . . . . . . . . . . . . . . . . . . . . . . . . . . . . . . . . . . . .
. . . . . . . . . . . . . . . . . . . . . . . . . . . . . . . . . . . . . . .
. . . . . . . . . . . . . . . . . . . . . % % % % % % % % % % % . . % % % % %
% % . % % % % % % % . % % % % % % % . % % % % % % % . . . . . . . % % % % % %
% % % % % % % % % % . . . % % % % % % % . % % % % % % % % % % % % . % % % % %
% % % % % % % % % % % % % % % % % % % % % % % % % % % % % % % % % % % % % % %
% % % . . . . . . . . . . . . . . . . . . . . . . . . . . . . . . . . . . . .
. . . . . . . . . . . . . . . . . . . . . . . . . . . . . . . . . . . . . . .
. . . . . . . . . . . . . . . . . . . . . . . . . . . . . . . . . . . . . . .
. . . . . . . . . . . . . . . . . . % % % % % % % % % % % % . . . . . . . . .
. . . . . . . . . . . . . % % % % % % % % % % % % . . . . . . . . . . . . . .
. . . . . . . . . . . . . . . . . . . . . . . . . . . % % % % % % % . . . . .
. . . . . . . . . . . . . . . . . % % % % % % % % % % . . . . . . . . . . . .
. . . . . . . . . % % % % % % % % % . . . . . . . . . . . . . . . . . . . . .
% % % % % % % % % . . . . . . . . . . . . . . . . . . . . . . . . . . . . % %
% % % % % % % % % % % % % % % % . . . . . . . . . . . . . . . . . . . . . . .
. . . . . % % % % % % % % % . . . . . . . . % % % % % % % % % % % % % % % . .
. . . . . . % % % % % % % % % % % % % % % % % % % % % % % % % % % % % % % % %
% % % % % % % % % % . . . . . . . . . . . . . . . . . % . . % . . % % % % % %
% % % % % % % % % % . . . . . . . . . . . . . . . . . . . . . . . . % % % % %
% % % . % % % % % % % . % % % % % % . . . . . . . . . . . . . . . . . . . . .
. . . . % % % % % % % . . . . . . . . % % % % % % % % . . % % % % % % % % % .
. % % % % % % % . . % % % % % % % % % . . . . . % % % % % % % % % . . . . . .
. . . . . . % % % % % % % % % % % % % % % % . . . . . . . . . . . . . . . . .
. . . . . . . . . . . . . . . % % % % % % % % % % % % % % . % % % % % % % . %
% % % % % % . . % % % % % % % % % % . . . . . . . . % % % % % % % % % % % % %
% . % % % % % % % . . . . . . . . . . . . . . . . . . . % % % . . . . . . . .
. . . . . . . . . . . . . . . . . . . . % % % . . . . . % % % % % % % % % % %
% % . % % % % % % % . . . . . . . . . . . . . % % % . . . . . . . . . . . . .
. . . . . . . . . . . . % % % % . . . . % % % % % % % % % . . . . . . . . . .
. . . . . . . . . % % % % . . . . . % % % % % % . % % % % % % % % % . % % % %
% % % % . % % % % % % % % . . . . . . . . . . . . % % % % % % % % % % % % % %
. . . . . . . . . . % % % % % % % % % % % % % % % % % . . . . . . . . . . . .
. . . . . . . . . . . . . . . . . . . . . . . % % % % % % % % % % . . . . . .
. % % % % % % % . % % % % % % % . % % % % % % % % % % % . % % % % % % % . . .
. . . . . % % % % % % % % % % % % % % % % % . . . . . . . . . . . . . . . . %
% % % % % % % % . . . . . . . % % % % % % % % % % % . . . . . . . . . . . . .
. . . . . . . . . . . . . % % % % % % % % % % % . . . . . . . . . . . . . . .
. . % % % % % % % % % . . . . . % % % % % % % % % % . % % % % % % % % % % % %
% % % % % % % % % % % . . . . . . . . . . . . . . . . . . . . . . . . . . . .
. . . . . . . . . . . . . . . . . . . . . . . . . . . . . . . . . . . . . . .
. . . . . . . . . . . . . . . . . . . . % % % % % % % % % % . . . . . . . . .
. . . . . . . . . . . % % % % % % % % % % % % % . . % % % . . . . % % % . . .
. . . . . . . . . . . % % % % % % % % % % % % % % % % . . . . . . . . . . . .
. . . . . . . . . . . . . . . . . . . . . . . . . . . . . . . . . . . . . . .
. . . . . . . . . . . % % % % % % % % % % % % % % % % % % % % % % % % % % % %
% % % % % % % % % . . . . . . . . . . . . . . . . . . % % % % % % . . . . . .
. . . . . % % % % % % . % % % % % % % % % % . . . . . . . . . . . . . . . . .
. . . . . . . . % % % % % % % . . . . % % % % % % % % % % % % % % % % . . . .
. . . . . . . . . . . . . . . . . . . . . . . . . . . . . . . % % % % % % % %
% % . % % % % % % % . % % % % % % % % % % % % % % . % % % % % % % % % % % . %
% % % % % % . % % % % % % % . % % % % % % % . % % % % % % . . . . . . . . . .
. . . . . % % % % % . . . . . . . . . . . % % % % % % % % . % % % % % % % . %
% % % % % % . % % % % % % % . % % % % % % . . . . . . . . . . . . . . . % % %
% % . . . . . . . . . . . % % % % % % . % % % % % % % % % % % % % . . . . . .
. . . . . . . . . . . . . . . . . . . . . . % % % % % % . % % % % % % % . % %
% % % % . . . . . . . . . . . . . % % % % % . . . . . . . . . % % % % % % % %
% % % % . . . . . . . . . . . . . . . . . . . . . . . . . . . . . % % % % % %
% % % . % % % % % % % % % % . . . . . . . % % % % % % % % % . % % % % % % % %
. . % % % % % % % % % . . . . . . . . . . . . . . % % % % % % % % % % % % % .
. . . . . . % % % % % % % % % % % % % % % . . . . . . . . . . % % % % % % % %
% % . . . . . % % % % % % . > % % % % % % % % %
File acmart.dtx ended by \endinput.
Lines  processed: 7392
Comments removed: 4384
Comments  passed: 15
Codelines passed: 2985

*****************************************************
* Congratulations!  You successfully  generated the *
* acmart package.                                   *
*                                                   *
* Please move the file acmart.cls to where LaTeX    *
* files are stored in  your system.  The manual is  *
* acmart.pdf.                                       *
*                                                   *
* The package is released under LPPL                *
*                                                   *
* Happy TeXing!                                     *
*****************************************************
) ) ) 
Here is how much of TeX's memory you used:
 322 strings out of 483184
 3400 string characters out of 5966318
 232307 words of memory out of 5000000
 15431 multiletter control sequences out of 15000+600000
 532338 words of font info for 24 fonts, out of 8000000 for 9000
 14 hyphenation exceptions out of 8191
 15i,0n,15p,154b,120s stack positions out of 5000i,500n,10000p,200000b,80000s

No pages of output.
